tested:
    changes in the Python syntax
    --------------------------------------------------------------------------
    Deprecation warning is now emitted when compiling previously valid syntax
    if the numeric literal is immediately followed by a keyword(like in 0in x)


run:
    python syntax_run.py

expected:
    test_complexPatterns (match_tests.MatchTest)
    Testing complex patterns ... ok
    test_simpleMatch (match_tests.MatchTest)
    Testing simple example for new pattern matching in Python ... ok
    test_withClass (match_tests.MatchTest)
    Testing pattern matching with classes and guard ... ok
    test_withDict (match_tests.MatchTest)
    Testing dictionary matching patterns ... expected failure

    ----------------------------------------------------------------------
    Ran 4 tests in 0.001s

    OK (expected failures=1)

Cpython:
    test_complexPatterns (match_tests.MatchTest)
    Testing complex patterns ... ok
    test_simpleMatch (match_tests.MatchTest)
    Testing simple example for new pattern matching in Python ... ok
    test_withClass (match_tests.MatchTest)
    Testing pattern matching with classes and guard ... ok
    test_withDict (match_tests.MatchTest)
    Testing dictionary matching patterns ... expected failure

    ----------------------------------------------------------------------
    Ran 4 tests in 0.001s

    OK (expected failures=1)

Pypy:
    tested:
    match-case
    --------------------------------------------------------------------------
    New pattern matching for Python

run:
    python syntax_run.py

expected:
    test_keywords (syntax_tests.SyntaxTest)
    Testing syntax of all keywords with numeric literal ... ok

    ----------------------------------------------------------------------
    Ran 1 test in 0.003s

    OK

Cpython:
    test_keywords (syntax_tests.SyntaxTest)
    Testing syntax of all keywords with numeric literal ... ok

    ----------------------------------------------------------------------
    Ran 1 test in 0.003s

    OK

Pypy:
    test_keywords (syntax_tests.SyntaxTest)
    Testing syntax of all keywords with numeric literal ... FAIL

    ======================================================================
    FAIL: test_keywords (syntax_tests.SyntaxTest)
    Testing syntax of all keywords with numeric literal
    ----------------------------------------------------------------------
    Traceback (most recent call last):
      File "/home/sasha_pavlov/Work_mb/Pavlov_testtask/pythonProject/syntax_tests/syntax_tests.py", line 17, in test_keywords
        test_with_keyword("0and 123")
      File "/home/sasha_pavlov/Work_mb/Pavlov_testtask/pythonProject/syntax_tests/syntax_tests.py", line 9, in test_with_keyword
        compile(test, "", "eval")
    AssertionError: DeprecationWarning not triggered

    ----------------------------------------------------------------------
    Ran 1 test in 0.001s

    FAILED (failures=1)

